mode: set
gomux_gorm/src/signin_module/application/usecases/signin_usecase.go:22.76,26.35 2 1
gomux_gorm/src/signin_module/application/usecases/signin_usecase.go:30.2,32.16 2 1
gomux_gorm/src/signin_module/application/usecases/signin_usecase.go:35.2,40.12 4 1
gomux_gorm/src/signin_module/application/usecases/signin_usecase.go:26.35,28.3 1 0
gomux_gorm/src/signin_module/application/usecases/signin_usecase.go:32.16,34.3 1 0
gomux_gorm/src/signin_module/application/usecases/signin_usecase.go:44.175,46.2 1 1
gomux_gorm/src/session_module/application/usecases/session_usecase.go:25.139,27.18 2 1
gomux_gorm/src/session_module/application/usecases/session_usecase.go:31.2,32.12 2 0
gomux_gorm/src/session_module/application/usecases/session_usecase.go:36.2,41.43 4 0
gomux_gorm/src/session_module/application/usecases/session_usecase.go:49.2,49.16 1 0
gomux_gorm/src/session_module/application/usecases/session_usecase.go:53.2,54.16 2 0
gomux_gorm/src/session_module/application/usecases/session_usecase.go:57.2,67.8 3 0
gomux_gorm/src/session_module/application/usecases/session_usecase.go:27.18,29.3 1 1
gomux_gorm/src/session_module/application/usecases/session_usecase.go:32.12,34.3 1 0
gomux_gorm/src/session_module/application/usecases/session_usecase.go:41.43,42.61 1 0
gomux_gorm/src/session_module/application/usecases/session_usecase.go:46.3,46.43 1 0
gomux_gorm/src/session_module/application/usecases/session_usecase.go:42.61,44.9 2 0
gomux_gorm/src/session_module/application/usecases/session_usecase.go:49.16,51.3 1 0
gomux_gorm/src/session_module/application/usecases/session_usecase.go:54.16,56.3 1 0
gomux_gorm/src/session_module/application/usecases/session_usecase.go:77.19,79.2 1 1
gomux_gorm/src/auth_module/application/usecases/auth_usecase.go:22.93,25.16 2 1
gomux_gorm/src/auth_module/application/usecases/auth_usecase.go:29.2,32.29 3 1
gomux_gorm/src/auth_module/application/usecases/auth_usecase.go:36.2,41.8 1 1
gomux_gorm/src/auth_module/application/usecases/auth_usecase.go:25.16,27.3 1 1
gomux_gorm/src/auth_module/application/usecases/auth_usecase.go:32.29,34.3 1 1
gomux_gorm/src/auth_module/application/usecases/auth_usecase.go:45.163,47.2 1 1
